<?xml version="1.0" encoding="UTF-8"?>
<!-- Generated by org.testng.reporters.JUnitReportReporter -->
<testsuite hostname="DESKTOP-CG15ELK" failures="0" tests="1" name="executaveis.Felipe.TesteBD" time="0.564" errors="0" timestamp="21 Dec 2018 18:50:31 GMT">
  <testcase classname="executaveis.Felipe.TesteBD" name="testChange" time="0.564"/>
</testsuite> <!-- executaveis.Felipe.TesteBD -->
