<?xml version="1.0" encoding="UTF-8"?>
<testsuite xmlns:xsi="http://www.w3.org/2001/XMLSchema-instance" xsi:noNamespaceSchemaLocation="https://maven.apache.org/surefire/maven-surefire-plugin/xsd/surefire-test-report-3.0.xsd" version="3.0" name="executaveis.Felipe.TesteBD" time="1.099" tests="1" errors="0" skipped="0" failures="0">
  <properties>
    <property name="sun.desktop" value="windows"/>
    <property name="awt.toolkit" value="sun.awt.windows.WToolkit"/>
    <property name="java.specification.version" value="11"/>
    <property name="sun.cpu.isalist" value="amd64"/>
    <property name="sun.jnu.encoding" value="Cp1252"/>
    <property name="java.class.path" value="C:\Users\felip\.m2\repository\org\apache\maven\surefire\surefire-booter\3.0.0-M2\surefire-booter-3.0.0-M2.jar;C:\Users\felip\.m2\repository\org\apache\maven\surefire\surefire-api\3.0.0-M2\surefire-api-3.0.0-M2.jar;C:\Users\felip\.m2\repository\org\apache\maven\surefire\surefire-logger-api\3.0.0-M2\surefire-logger-api-3.0.0-M2.jar;D:\Docs\Documentos\fabrica_de_testes_automacao\change_\automacao\target\test-classes;D:\Docs\Documentos\fabrica_de_testes_automacao\change_\automacao\target\classes;C:\Users\felip\.m2\repository\org\testng\testng\6.8\testng-6.8.jar;C:\Users\felip\.m2\repository\org\beanshell\bsh\2.0b4\bsh-2.0b4.jar;C:\Users\felip\.m2\repository\com\beust\jcommander\1.27\jcommander-1.27.jar;C:\Users\felip\.m2\repository\org\yaml\snakeyaml\1.6\snakeyaml-1.6.jar;C:\Users\felip\.m2\repository\junit\junit\4.12\junit-4.12.jar;C:\Users\felip\.m2\repository\org\hamcrest\hamcrest-core\1.3\hamcrest-core-1.3.jar;C:\Users\felip\.m2\repository\org\seleniumhq\selenium\selenium-java\3.8.1\selenium-java-3.8.1.jar;C:\Users\felip\.m2\repository\org\seleniumhq\selenium\selenium-api\3.8.1\selenium-api-3.8.1.jar;C:\Users\felip\.m2\repository\org\seleniumhq\selenium\selenium-chrome-driver\3.8.1\selenium-chrome-driver-3.8.1.jar;C:\Users\felip\.m2\repository\org\seleniumhq\selenium\selenium-edge-driver\3.8.1\selenium-edge-driver-3.8.1.jar;C:\Users\felip\.m2\repository\org\seleniumhq\selenium\selenium-firefox-driver\3.8.1\selenium-firefox-driver-3.8.1.jar;C:\Users\felip\.m2\repository\org\seleniumhq\selenium\selenium-ie-driver\3.8.1\selenium-ie-driver-3.8.1.jar;C:\Users\felip\.m2\repository\org\seleniumhq\selenium\selenium-opera-driver\3.8.1\selenium-opera-driver-3.8.1.jar;C:\Users\felip\.m2\repository\org\seleniumhq\selenium\selenium-remote-driver\3.8.1\selenium-remote-driver-3.8.1.jar;C:\Users\felip\.m2\repository\org\seleniumhq\selenium\selenium-safari-driver\3.8.1\selenium-safari-driver-3.8.1.jar;C:\Users\felip\.m2\repository\org\seleniumhq\selenium\selenium-support\3.8.1\selenium-support-3.8.1.jar;C:\Users\felip\.m2\repository\net\bytebuddy\byte-buddy\1.7.5\byte-buddy-1.7.5.jar;C:\Users\felip\.m2\repository\org\apache\commons\commons-exec\1.3\commons-exec-1.3.jar;C:\Users\felip\.m2\repository\commons-codec\commons-codec\1.10\commons-codec-1.10.jar;C:\Users\felip\.m2\repository\commons-logging\commons-logging\1.2\commons-logging-1.2.jar;C:\Users\felip\.m2\repository\com\google\code\gson\gson\2.8.2\gson-2.8.2.jar;C:\Users\felip\.m2\repository\com\google\guava\guava\23.0\guava-23.0.jar;C:\Users\felip\.m2\repository\com\google\code\findbugs\jsr305\1.3.9\jsr305-1.3.9.jar;C:\Users\felip\.m2\repository\com\google\errorprone\error_prone_annotations\2.0.18\error_prone_annotations-2.0.18.jar;C:\Users\felip\.m2\repository\com\google\j2objc\j2objc-annotations\1.1\j2objc-annotations-1.1.jar;C:\Users\felip\.m2\repository\org\codehaus\mojo\animal-sniffer-annotations\1.14\animal-sniffer-annotations-1.14.jar;C:\Users\felip\.m2\repository\org\apache\httpcomponents\httpclient\4.5.3\httpclient-4.5.3.jar;C:\Users\felip\.m2\repository\org\apache\httpcomponents\httpcore\4.4.6\httpcore-4.4.6.jar;C:\Users\felip\.m2\repository\commons-io\commons-io\2.6\commons-io-2.6.jar;C:\Users\felip\.m2\repository\org\easetech\easytest-core\1.4.0\easytest-core-1.4.0.jar;C:\Users\felip\.m2\repository\org\slf4j\slf4j-api\1.6.1\slf4j-api-1.6.1.jar;C:\Users\felip\.m2\repository\log4j\log4j\1.2.15\log4j-1.2.15.jar;C:\Users\felip\.m2\repository\org\slf4j\slf4j-log4j12\1.6.1\slf4j-log4j12-1.6.1.jar;C:\Users\felip\.m2\repository\org\slf4j\jcl-over-slf4j\1.6.1\jcl-over-slf4j-1.6.1.jar;C:\Users\felip\.m2\repository\net\sourceforge\javacsv\javacsv\2.0\javacsv-2.0.jar;C:\Users\felip\.m2\repository\javax\xml\jsr173\1.0\jsr173-1.0.jar;C:\Users\felip\.m2\repository\com\sun\xml\bind\jaxb-xjc\2.2.6\jaxb-xjc-2.2.6.jar;C:\Users\felip\.m2\repository\javaee\javaee-api\5\javaee-api-5.jar;C:\Users\felip\.m2\repository\org\apache\poi\poi\3.8\poi-3.8.jar;C:\Users\felip\.m2\repository\org\apache\poi\poi-examples\3.8\poi-examples-3.8.jar;C:\Users\felip\.m2\repository\org\apache\poi\poi-scratchpad\3.8\poi-scratchpad-3.8.jar;C:\Users\felip\.m2\repository\org\apache\poi\poi-ooxml\3.8\poi-ooxml-3.8.jar;C:\Users\felip\.m2\repository\org\apache\poi\poi-ooxml-schemas\3.8\poi-ooxml-schemas-3.8.jar;C:\Users\felip\.m2\repository\org\apache\xmlbeans\xmlbeans\2.3.0\xmlbeans-2.3.0.jar;C:\Users\felip\.m2\repository\stax\stax-api\1.0.1\stax-api-1.0.1.jar;C:\Users\felip\.m2\repository\dom4j\dom4j\1.6.1\dom4j-1.6.1.jar;C:\Users\felip\.m2\repository\org\jvnet\jaxb2_commons\jaxb2-basics-runtime\0.6.2\jaxb2-basics-runtime-0.6.2.jar;C:\Users\felip\.m2\repository\cglib\cglib\2.2.2\cglib-2.2.2.jar;C:\Users\felip\.m2\repository\asm\asm\3.3.1\asm-3.3.1.jar;C:\Users\felip\.m2\repository\commons-lang\commons-lang\2.6\commons-lang-2.6.jar;C:\Users\felip\.m2\repository\jfree\jfreechart\1.0.13\jfreechart-1.0.13.jar;C:\Users\felip\.m2\repository\jfree\jcommon\1.0.16\jcommon-1.0.16.jar;C:\Users\felip\.m2\repository\net\sf\jasperreports\jasperreports-fonts\4.0.0\jasperreports-fonts-4.0.0.jar;C:\Users\felip\.m2\repository\com\sun\xml\bind\jaxb-impl\2.2.6\jaxb-impl-2.2.6.jar;C:\Users\felip\.m2\repository\javax\inject\javax.inject\1\javax.inject-1.jar;C:\Users\felip\.m2\repository\org\codehaus\jackson\jackson-mapper-lgpl\1.9.11\jackson-mapper-lgpl-1.9.11.jar;C:\Users\felip\.m2\repository\org\codehaus\jackson\jackson-core-lgpl\1.9.11\jackson-core-lgpl-1.9.11.jar;C:\Users\felip\.m2\repository\net\sf\jasperreports\jasperreports\4.5.1\jasperreports-4.5.1.jar;C:\Users\felip\.m2\repository\commons-beanutils\commons-beanutils\1.8.0\commons-beanutils-1.8.0.jar;C:\Users\felip\.m2\repository\commons-collections\commons-collections\2.1\commons-collections-2.1.jar;C:\Users\felip\.m2\repository\commons-digester\commons-digester\2.1\commons-digester-2.1.jar;C:\Users\felip\.m2\repository\com\lowagie\itext\2.1.7\itext-2.1.7.jar;C:\Users\felip\.m2\repository\bouncycastle\bcmail-jdk14\138\bcmail-jdk14-138.jar;C:\Users\felip\.m2\repository\bouncycastle\bcprov-jdk14\138\bcprov-jdk14-138.jar;C:\Users\felip\.m2\repository\org\bouncycastle\bctsp-jdk14\1.38\bctsp-jdk14-1.38.jar;C:\Users\felip\.m2\repository\org\bouncycastle\bcprov-jdk14\1.38\bcprov-jdk14-1.38.jar;C:\Users\felip\.m2\repository\org\bouncycastle\bcmail-jdk14\1.38\bcmail-jdk14-1.38.jar;C:\Users\felip\.m2\repository\xml-apis\xml-apis\1.3.02\xml-apis-1.3.02.jar;C:\Users\felip\.m2\repository\eclipse\jdtcore\3.1.0\jdtcore-3.1.0.jar;C:\Users\felip\.m2\repository\org\codehaus\castor\castor\1.2\castor-1.2.jar;C:\Users\felip\.m2\repository\com\microsoft\sqlserver\mssql-jdbc\7.1.3.jre11-preview\mssql-jdbc-7.1.3.jre11-preview.jar;C:\Users\felip\.m2\repository\org\apache\maven\surefire\surefire-testng\3.0.0-M2\surefire-testng-3.0.0-M2.jar;C:\Users\felip\.m2\repository\org\apache\maven\surefire\common-java5\3.0.0-M2\common-java5-3.0.0-M2.jar;C:\Users\felip\.m2\repository\org\apache\maven\surefire\surefire-testng-utils\3.0.0-M2\surefire-testng-utils-3.0.0-M2.jar;C:\Users\felip\.m2\repository\org\apache\maven\surefire\surefire-grouper\3.0.0-M2\surefire-grouper-3.0.0-M2.jar"/>
    <property name="java.vm.vendor" value="Oracle Corporation"/>
    <property name="sun.arch.data.model" value="64"/>
    <property name="user.variant" value=""/>
    <property name="java.vendor.url" value="http://java.oracle.com/"/>
    <property name="user.timezone" value="America/Sao_Paulo"/>
    <property name="java.vm.specification.version" value="11"/>
    <property name="os.name" value="Windows 10"/>
    <property name="sun.java.launcher" value="SUN_STANDARD"/>
    <property name="user.country" value="BR"/>
    <property name="sun.boot.library.path" value="C:\Program Files\Java\jdk-11.0.1\bin"/>
    <property name="sun.java.command" value="org.apache.maven.surefire.booter.ForkedBooter C:\Users\felip\AppData\Local\Temp\surefire16207464774314249154 2018-12-21T16-50-29_009-jvmRun1 surefire12300178357858024178tmp surefire_010723186353132679600tmp"/>
    <property name="jdk.debug" value="release"/>
    <property name="test" value="executaveis.Felipe.TesteBD"/>
    <property name="surefire.test.class.path" value="D:\Docs\Documentos\fabrica_de_testes_automacao\change_\automacao\target\test-classes;D:\Docs\Documentos\fabrica_de_testes_automacao\change_\automacao\target\classes;C:\Users\felip\.m2\repository\org\testng\testng\6.8\testng-6.8.jar;C:\Users\felip\.m2\repository\org\beanshell\bsh\2.0b4\bsh-2.0b4.jar;C:\Users\felip\.m2\repository\com\beust\jcommander\1.27\jcommander-1.27.jar;C:\Users\felip\.m2\repository\org\yaml\snakeyaml\1.6\snakeyaml-1.6.jar;C:\Users\felip\.m2\repository\junit\junit\4.12\junit-4.12.jar;C:\Users\felip\.m2\repository\org\hamcrest\hamcrest-core\1.3\hamcrest-core-1.3.jar;C:\Users\felip\.m2\repository\org\seleniumhq\selenium\selenium-java\3.8.1\selenium-java-3.8.1.jar;C:\Users\felip\.m2\repository\org\seleniumhq\selenium\selenium-api\3.8.1\selenium-api-3.8.1.jar;C:\Users\felip\.m2\repository\org\seleniumhq\selenium\selenium-chrome-driver\3.8.1\selenium-chrome-driver-3.8.1.jar;C:\Users\felip\.m2\repository\org\seleniumhq\selenium\selenium-edge-driver\3.8.1\selenium-edge-driver-3.8.1.jar;C:\Users\felip\.m2\repository\org\seleniumhq\selenium\selenium-firefox-driver\3.8.1\selenium-firefox-driver-3.8.1.jar;C:\Users\felip\.m2\repository\org\seleniumhq\selenium\selenium-ie-driver\3.8.1\selenium-ie-driver-3.8.1.jar;C:\Users\felip\.m2\repository\org\seleniumhq\selenium\selenium-opera-driver\3.8.1\selenium-opera-driver-3.8.1.jar;C:\Users\felip\.m2\repository\org\seleniumhq\selenium\selenium-remote-driver\3.8.1\selenium-remote-driver-3.8.1.jar;C:\Users\felip\.m2\repository\org\seleniumhq\selenium\selenium-safari-driver\3.8.1\selenium-safari-driver-3.8.1.jar;C:\Users\felip\.m2\repository\org\seleniumhq\selenium\selenium-support\3.8.1\selenium-support-3.8.1.jar;C:\Users\felip\.m2\repository\net\bytebuddy\byte-buddy\1.7.5\byte-buddy-1.7.5.jar;C:\Users\felip\.m2\repository\org\apache\commons\commons-exec\1.3\commons-exec-1.3.jar;C:\Users\felip\.m2\repository\commons-codec\commons-codec\1.10\commons-codec-1.10.jar;C:\Users\felip\.m2\repository\commons-logging\commons-logging\1.2\commons-logging-1.2.jar;C:\Users\felip\.m2\repository\com\google\code\gson\gson\2.8.2\gson-2.8.2.jar;C:\Users\felip\.m2\repository\com\google\guava\guava\23.0\guava-23.0.jar;C:\Users\felip\.m2\repository\com\google\code\findbugs\jsr305\1.3.9\jsr305-1.3.9.jar;C:\Users\felip\.m2\repository\com\google\errorprone\error_prone_annotations\2.0.18\error_prone_annotations-2.0.18.jar;C:\Users\felip\.m2\repository\com\google\j2objc\j2objc-annotations\1.1\j2objc-annotations-1.1.jar;C:\Users\felip\.m2\repository\org\codehaus\mojo\animal-sniffer-annotations\1.14\animal-sniffer-annotations-1.14.jar;C:\Users\felip\.m2\repository\org\apache\httpcomponents\httpclient\4.5.3\httpclient-4.5.3.jar;C:\Users\felip\.m2\repository\org\apache\httpcomponents\httpcore\4.4.6\httpcore-4.4.6.jar;C:\Users\felip\.m2\repository\commons-io\commons-io\2.6\commons-io-2.6.jar;C:\Users\felip\.m2\repository\org\easetech\easytest-core\1.4.0\easytest-core-1.4.0.jar;C:\Users\felip\.m2\repository\org\slf4j\slf4j-api\1.6.1\slf4j-api-1.6.1.jar;C:\Users\felip\.m2\repository\log4j\log4j\1.2.15\log4j-1.2.15.jar;C:\Users\felip\.m2\repository\org\slf4j\slf4j-log4j12\1.6.1\slf4j-log4j12-1.6.1.jar;C:\Users\felip\.m2\repository\org\slf4j\jcl-over-slf4j\1.6.1\jcl-over-slf4j-1.6.1.jar;C:\Users\felip\.m2\repository\net\sourceforge\javacsv\javacsv\2.0\javacsv-2.0.jar;C:\Users\felip\.m2\repository\javax\xml\jsr173\1.0\jsr173-1.0.jar;C:\Users\felip\.m2\repository\com\sun\xml\bind\jaxb-xjc\2.2.6\jaxb-xjc-2.2.6.jar;C:\Users\felip\.m2\repository\javaee\javaee-api\5\javaee-api-5.jar;C:\Users\felip\.m2\repository\org\apache\poi\poi\3.8\poi-3.8.jar;C:\Users\felip\.m2\repository\org\apache\poi\poi-examples\3.8\poi-examples-3.8.jar;C:\Users\felip\.m2\repository\org\apache\poi\poi-scratchpad\3.8\poi-scratchpad-3.8.jar;C:\Users\felip\.m2\repository\org\apache\poi\poi-ooxml\3.8\poi-ooxml-3.8.jar;C:\Users\felip\.m2\repository\org\apache\poi\poi-ooxml-schemas\3.8\poi-ooxml-schemas-3.8.jar;C:\Users\felip\.m2\repository\org\apache\xmlbeans\xmlbeans\2.3.0\xmlbeans-2.3.0.jar;C:\Users\felip\.m2\repository\stax\stax-api\1.0.1\stax-api-1.0.1.jar;C:\Users\felip\.m2\repository\dom4j\dom4j\1.6.1\dom4j-1.6.1.jar;C:\Users\felip\.m2\repository\org\jvnet\jaxb2_commons\jaxb2-basics-runtime\0.6.2\jaxb2-basics-runtime-0.6.2.jar;C:\Users\felip\.m2\repository\cglib\cglib\2.2.2\cglib-2.2.2.jar;C:\Users\felip\.m2\repository\asm\asm\3.3.1\asm-3.3.1.jar;C:\Users\felip\.m2\repository\commons-lang\commons-lang\2.6\commons-lang-2.6.jar;C:\Users\felip\.m2\repository\jfree\jfreechart\1.0.13\jfreechart-1.0.13.jar;C:\Users\felip\.m2\repository\jfree\jcommon\1.0.16\jcommon-1.0.16.jar;C:\Users\felip\.m2\repository\net\sf\jasperreports\jasperreports-fonts\4.0.0\jasperreports-fonts-4.0.0.jar;C:\Users\felip\.m2\repository\com\sun\xml\bind\jaxb-impl\2.2.6\jaxb-impl-2.2.6.jar;C:\Users\felip\.m2\repository\javax\inject\javax.inject\1\javax.inject-1.jar;C:\Users\felip\.m2\repository\org\codehaus\jackson\jackson-mapper-lgpl\1.9.11\jackson-mapper-lgpl-1.9.11.jar;C:\Users\felip\.m2\repository\org\codehaus\jackson\jackson-core-lgpl\1.9.11\jackson-core-lgpl-1.9.11.jar;C:\Users\felip\.m2\repository\net\sf\jasperreports\jasperreports\4.5.1\jasperreports-4.5.1.jar;C:\Users\felip\.m2\repository\commons-beanutils\commons-beanutils\1.8.0\commons-beanutils-1.8.0.jar;C:\Users\felip\.m2\repository\commons-collections\commons-collections\2.1\commons-collections-2.1.jar;C:\Users\felip\.m2\repository\commons-digester\commons-digester\2.1\commons-digester-2.1.jar;C:\Users\felip\.m2\repository\com\lowagie\itext\2.1.7\itext-2.1.7.jar;C:\Users\felip\.m2\repository\bouncycastle\bcmail-jdk14\138\bcmail-jdk14-138.jar;C:\Users\felip\.m2\repository\bouncycastle\bcprov-jdk14\138\bcprov-jdk14-138.jar;C:\Users\felip\.m2\repository\org\bouncycastle\bctsp-jdk14\1.38\bctsp-jdk14-1.38.jar;C:\Users\felip\.m2\repository\org\bouncycastle\bcprov-jdk14\1.38\bcprov-jdk14-1.38.jar;C:\Users\felip\.m2\repository\org\bouncycastle\bcmail-jdk14\1.38\bcmail-jdk14-1.38.jar;C:\Users\felip\.m2\repository\xml-apis\xml-apis\1.3.02\xml-apis-1.3.02.jar;C:\Users\felip\.m2\repository\eclipse\jdtcore\3.1.0\jdtcore-3.1.0.jar;C:\Users\felip\.m2\repository\org\codehaus\castor\castor\1.2\castor-1.2.jar;C:\Users\felip\.m2\repository\com\microsoft\sqlserver\mssql-jdbc\7.1.3.jre11-preview\mssql-jdbc-7.1.3.jre11-preview.jar;"/>
    <property name="sun.cpu.endian" value="little"/>
    <property name="user.home" value="C:\Users\felip"/>
    <property name="user.language" value="pt"/>
    <property name="java.specification.vendor" value="Oracle Corporation"/>
    <property name="java.version.date" value="2018-10-16"/>
    <property name="java.home" value="C:\Program Files\Java\jdk-11.0.1"/>
    <property name="file.separator" value="\"/>
    <property name="basedir" value="D:\Docs\Documentos\fabrica_de_testes_automacao\change_\automacao"/>
    <property name="java.vm.compressedOopsMode" value="Zero based"/>
    <property name="line.separator" value="&#10;"/>
    <property name="java.specification.name" value="Java Platform API Specification"/>
    <property name="java.vm.specification.vendor" value="Oracle Corporation"/>
    <property name="java.awt.graphicsenv" value="sun.awt.Win32GraphicsEnvironment"/>
    <property name="user.script" value=""/>
    <property name="sun.management.compiler" value="HotSpot 64-Bit Tiered Compilers"/>
    <property name="java.runtime.version" value="11.0.1+13-LTS"/>
    <property name="user.name" value="felip"/>
    <property name="path.separator" value=";"/>
    <property name="os.version" value="10.0"/>
    <property name="java.runtime.name" value="Java(TM) SE Runtime Environment"/>
    <property name="file.encoding" value="Cp1252"/>
    <property name="java.vm.name" value="Java HotSpot(TM) 64-Bit Server VM"/>
    <property name="java.vendor.version" value="18.9"/>
    <property name="localRepository" value="C:\Users\felip\.m2\repository"/>
    <property name="java.vendor.url.bug" value="http://bugreport.java.com/bugreport/"/>
    <property name="java.io.tmpdir" value="C:\Users\felip\AppData\Local\Temp\"/>
    <property name="java.version" value="11.0.1"/>
    <property name="user.dir" value="D:\Docs\Documentos\fabrica_de_testes_automacao\change_\automacao"/>
    <property name="os.arch" value="amd64"/>
    <property name="java.vm.specification.name" value="Java Virtual Machine Specification"/>
    <property name="java.awt.printerjob" value="sun.awt.windows.WPrinterJob"/>
    <property name="sun.os.patch.level" value=""/>
    <property name="java.library.path" value="C:\Program Files\Java\jdk-11.0.1\bin;C:\Windows\Sun\Java\bin;C:\Windows\system32;C:\Windows;C:\Program Files (x86)\Common Files\Oracle\Java\javapath;C:\Windows\system32;C:\Windows;C:\Windows\System32\Wbem;C:\Windows\System32\WindowsPowerShell\v1.0\;C:\Windows\System32\OpenSSH\;C:\Program Files (x86)\NVIDIA Corporation\PhysX\Common;D:\Programas\Git\cmd;C:\Program Files\PuTTY\;C:\Program Files\dotnet\;C:\Program Files\Microsoft SQL Server\130\Tools\Binn\;C:\Program Files\nodejs\;C:\Program Files (x86)\Microsoft SQL Server\Client SDK\ODBC\130\Tools\Binn\;C:\Program Files (x86)\Microsoft SQL Server\140\Tools\Binn\;C:\Program Files (x86)\Microsoft SQL Server\140\DTS\Binn\;C:\Program Files (x86)\Microsoft SQL Server\140\Tools\Binn\ManagementStudio\;C:\Program Files\Java\jdk1.8.0_181\bin;C:\Program Files\Java\jdk-11.0.1\bin;;C:\Program Files\NVIDIA Corporation\NVIDIA NvDLISR;C:\Users\felip\AppData\Local\Microsoft\WindowsApps;C:\Users\felip\AppData\Roaming\npm;D:\AppData\Local\Android\Sdk\tools;D:\AppData\Local\Android\Sdk\platform-tools;D:\AppData\Local\Android\Sdk\tools\bin;C:\opt\apache-maven-3.6.0\bin;C:\Program Files\Java\jdk-11.0.1;;."/>
    <property name="java.vendor" value="Oracle Corporation"/>
    <property name="java.vm.info" value="mixed mode"/>
    <property name="java.vm.version" value="11.0.1+13-LTS"/>
    <property name="sun.io.unicode.encoding" value="UnicodeLittle"/>
    <property name="java.class.version" value="55.0"/>
  </properties>
  <testcase name="testChange on testChange(executaveis.Felipe.TesteBD)" classname="executaveis.Felipe.TesteBD" time="0.588"/>
</testsuite>